App/app/build/intermediates/manifest_merge_blame_file/debug/manifest-merger-blame-debug-report.txt
1<?xml version="1.0" encoding="utf-8"?>
2<manifest xmlns:android="http://schemas.android.com/apk/res/android"
3    package="com.example.intlok"
4    android:versionCode="1"
5    android:versionName="1.0" >
6
7    <uses-sdk
8        android:minSdkVersion="24"
8-->src\main\AndroidManifest.xml
9        android:targetSdkVersion="30" />
9-->src\main\AndroidManifest.xml
10
11    <uses-permission android:name="android.permission.INTERNET" />
11-->src\main\AndroidManifest.xml:5:5-66
11-->src\main\AndroidManifest.xml:5:22-64
12
13    <application
13-->src\main\AndroidManifest.xml:7:5-30:19
14        android:allowBackup="true"
14-->src\main\AndroidManifest.xml:8:9-35
15        android:appComponentFactory="androidx.core.app.CoreComponentFactory"
15-->[androidx.core:core:1.3.1] AndroidManifest.xml:24:18-86
16        android:debuggable="true"
17        android:extractNativeLibs="false"
18        android:icon="@mipmap/ic_launcher"
18-->src\main\AndroidManifest.xml:9:9-43
19        android:label="@string/app_name"
19-->src\main\AndroidManifest.xml:10:9-41
20        android:roundIcon="@mipmap/ic_launcher_round"
20-->src\main\AndroidManifest.xml:12:9-54
21        android:supportsRtl="true"
21-->src\main\AndroidManifest.xml:13:9-35
22        android:testOnly="true"
23        android:theme="@style/Theme.Intlok"
23-->src\main\AndroidManifest.xml:14:9-44
24        android:usesCleartextTraffic="true" >
24-->src\main\AndroidManifest.xml:11:9-44
25        <activity android:name="com.example.intlok.activity_comentarios" />
25-->src\main\AndroidManifest.xml:15:9-67
25-->src\main\AndroidManifest.xml:15:19-55
26        <activity android:name="com.example.intlok.activity_registromain" />
26-->src\main\AndroidManifest.xml:16:9-68
26-->src\main\AndroidManifest.xml:16:19-56
27        <activity android:name="com.example.intlok.activity_registrocontinuacion" />
27-->src\main\AndroidManifest.xml:17:9-76
27-->src\main\AndroidManifest.xml:17:19-64
28        <activity android:name="com.example.intlok.activity_main" />
28-->src\main\AndroidManifest.xml:18:9-60
28-->src\main\AndroidManifest.xml:18:19-48
29        <activity android:name="com.example.intlok.activity_nuevo_post" />
29-->src\main\AndroidManifest.xml:20:9-57
29-->src\main\AndroidManifest.xml:20:19-54
30        <activity
30-->src\main\AndroidManifest.xml:21:9-29:20
31            android:name="com.example.intlok.activity_loginmain"
31-->src\main\AndroidManifest.xml:22:13-47
32            android:label="@string/app_name" >
32-->src\main\AndroidManifest.xml:23:13-45
33            <intent-filter>
33-->src\main\AndroidManifest.xml:24:13-28:29
34                <action android:name="android.intent.action.MAIN" />
34-->src\main\AndroidManifest.xml:25:17-69
34-->src\main\AndroidManifest.xml:25:25-66
35
36                <category android:name="android.intent.category.LAUNCHER" />
36-->src\main\AndroidManifest.xml:27:17-77
36-->src\main\AndroidManifest.xml:27:27-74
37            </intent-filter>
38        </activity>
39    </application>
40
41</manifest>